IQ-TREE version 3.0.1 for Windows 64-bit built May  5 2025
Developed by Bui Quang Minh, Thomas Wong, Nhan Ly-Trong, Huaiyan Ren
Contributed by Lam-Tung Nguyen, Dominik Schrempf, Chris Bielow,
Olga Chernomor, Michael Woodhams, Diep Thi Hoang, Heiko Schmidt

Host:    DESKTOP-DMB7G8H (AVX2, FMA3, 15 GB RAM)
Command: iqtree3.exe -s D:\360MoveData\Users\Lenovo\Desktop\all.fasta\all.aln.uniqueseq.aln -m MFP -B 1000 -alrt 1000 -nt 1
Seed:    656074 (Using SPRNG - Scalable Parallel Random Number Generator)
Time:    Thu Aug 21 17:23:37 2025
Kernel:  AVX+FMA - 1 threads (8 CPU cores detected)

HINT: Use -nt option to specify number of threads because your CPU has 8 cores!
HINT: -nt AUTO will automatically determine the best number of threads to use.

Reading alignment file D:\360MoveData\Users\Lenovo\Desktop\all.fasta\all.aln.uniqueseq.aln ... Fasta format detected
Reading fasta file: done in 0.0359436 secs using 130.4% CPU
Alignment most likely contains DNA/RNA sequences
Constructing alignment: done in 0.0233127 secs
WARNING: 3364 sites contain only gaps or ambiguous characters.
Alignment has 30 sequences with 19956 columns, 203 distinct patterns
141 parsimony-informative, 154 singleton sites, 19661 constant sites
                              Gap/Ambiguity  Composition  p-value
Analyzing sequences: done in 4.96e-05 secs
   1  gi|3036603588|gb|PX070374.1|   16.97%    passed     99.63%
   2  gi|3032643902|gb|PV955071.1|   16.98%    passed    100.00%
   3  gi|3031243661|gb|PV992699.1|   16.97%    passed     99.90%
   4  gi|3030023800|gb|PV982268.1|   16.93%    passed     99.99%
   5  gi|3018823979|gb|PV893137.1|   16.97%    passed     99.93%
   6  gi|2998738717|gb|PV658278.1|   16.96%    passed     99.98%
   7  gi|2998738703|gb|PV658277.1|   16.97%    passed     99.99%
   8  gi|2998738689|gb|PV658276.1|   16.96%    passed     99.99%
   9  gi|2998738674|gb|PV658275.1|   17.06%    passed     99.97%
  10  gi|2998738660|gb|PV658274.1|   16.94%    passed     99.93%
  11  gi|2998738646|gb|PV658273.1|   16.96%    passed     99.97%
  12  gi|2998738632|gb|PV658272.1|   16.96%    passed     99.99%
  13  gi|2995379170|gb|PV695981.1|   17.01%    passed     99.99%
  14  gi|2995379169|gb|PV695980.1|   16.98%    passed     99.96%
  15  gi|2995379168|gb|PV695979.1|   17.00%    passed     99.98%
  16  gi|2995379167|gb|PV695978.1|   16.97%    passed     99.99%
  17  gi|2995379166|gb|PV695977.1|   16.97%    passed     99.99%
  18  gi|2995379165|gb|PV695976.1|   16.98%    passed     99.96%
  19  gi|2995379164|gb|PV695975.1|   16.98%    passed     99.94%
  20  gi|2995379163|gb|PV695974.1|   16.97%    passed     99.98%
  21  gi|2995379162|gb|PV695973.1|   16.99%    passed     99.77%
  22  gi|2995379161|gb|PV695972.1|   16.97%    passed    100.00%
  23  gi|2995379160|gb|PV695971.1|   16.98%    passed     99.99%
  24  gi|2995379159|gb|PV695970.1|   16.98%    passed     99.97%
  25  gi|2995379158|gb|PV695969.1|   16.98%    passed     99.96%
  26  gi|2995379157|gb|PV695968.1|   16.98%    passed     99.94%
  27  gi|2995379156|gb|PV695967.1|   16.98%    passed     99.94%
  28  gi|2995379155|gb|PV695966.1|   16.97%    passed     99.98%
  29  gi|2995379154|gb|PV695965.1|   17.01%    passed     99.98%
  30  gi|2995379153|gb|PV695964.1|   16.97%    passed    100.00%
****  TOTAL                          16.98%  0 sequences failed composition chi2 test (p-value<5%; df=3)
Checking for duplicate sequences: done in 0.0001185 secs


Create initial parsimony tree by phylogenetic likelihood library (PLL)... 0.014 seconds
Perform fast likelihood tree search using GTR+I+G model...
Estimate model parameters (epsilon = 5.000)
Perform nearest neighbor interchange...
Optimizing NNI: done in 0.0055482 secs
Estimate model parameters (epsilon = 1.000)
1. Initial log-likelihood: -25111.250
Optimal log-likelihood: -25111.145
Rate parameters:  A-C: 1.21537  A-G: 50.12060  A-T: 1.05780  C-G: 0.32420  C-T: 29.25162  G-T: 1.00000
Base frequencies:  A: 0.309  C: 0.313  G: 0.131  T: 0.247
Proportion of invariable sites: 0.495
Gamma shape alpha: 0.020
Parameters optimization took 1 rounds (0.038 sec)
Time for fast ML tree search: 0.131 seconds

NOTE: ModelFinder requires 2 MB RAM!
ModelFinder will test up to 968 DNA models (sample size: 19956 epsilon: 0.100) ...
 No. Model         -LnL         df  AIC          AICc         BIC
  1  JC            26313.911    57  52741.821    52742.154    53192.195
  2  JC+I          26211.356    58  52538.713    52539.057    52996.988
  3  JC+G4         26249.311    58  52614.623    52614.967    53072.897
  4  JC+I+G4       26224.201    59  52566.401    52566.757    53032.577
  5  JC+R2         26245.585    59  52609.169    52609.525    53075.345
  6  JC+R3         26209.590    61  52541.179    52541.560    53023.158
  7  JC+R4         26200.495    63  52526.989    52527.395    53024.770
 14  JC+I+R2       26212.096    60  52544.192    52544.560    53018.269
 15  JC+I+R3       26208.780    62  52541.559    52541.952    53031.439
 24  JC+I          26211.356    58  52538.713    52539.057    52996.987
 46  F81+I         26211.315    58  52538.630    52538.974    52996.904
 68  F81+F+I       25415.619    61  50953.237    50953.617    51435.215
 90  K2P+I         25923.159    59  51964.318    51964.674    52430.493
112  K2P+I         25923.159    59  51964.318    51964.674    52430.493
134  HKY+I         25923.144    59  51964.288    51964.644    52430.464
156  HKY+F+I       25116.261    62  50356.521    50356.914    50846.401
178  TNe+I         25915.599    60  51951.198    51951.566    52425.275
200  TNe+I         25915.599    60  51951.198    51951.566    52425.275
222  TN+I          25915.599    60  51951.197    51951.565    52425.275
244  TN+F+I        25102.562    63  50331.123    50331.529    50828.904
266  K3P+I         25915.202    60  51950.405    51950.773    52424.482
288  K3P+I         25915.202    60  51950.405    51950.773    52424.482
310  K3Pu+I        25915.181    60  51950.362    51950.730    52424.439
332  K3Pu+F+I      25109.294    63  50344.587    50344.993    50842.368
354  TPM2+I        25913.877    60  51947.754    51948.122    52421.831
376  TPM2+I        25913.877    60  51947.754    51948.122    52421.831
398  TPM2u+I       25913.877    60  51947.754    51948.122    52421.831
420  TPM2u+F+I     25109.745    63  50345.491    50345.896    50843.272
442  TPM3+I        25915.850    60  51951.701    51952.069    52425.778
464  TPM3+I        25915.850    60  51951.701    51952.069    52425.778
486  TPM3u+I       25915.850    60  51951.701    51952.068    52425.778
508  TPM3u+F+I     25109.637    63  50345.273    50345.679    50843.054
530  TIMe+I        25915.297    61  51952.594    51952.974    52434.572
552  TIMe+I        25915.297    61  51952.594    51952.974    52434.572
574  TIM+I         25914.912    61  51951.824    51952.204    52433.802
596  TIM+F+I       25102.351    64  50332.701    50333.119    50838.383
618  TIM2e+I       25913.877    61  51949.754    51950.134    52431.732
640  TIM2e+I       25913.877    61  51949.754    51950.134    52431.732
662  TIM2+I        25913.543    61  51949.087    51949.467    52431.065
684  TIM2+F+I      25102.532    64  50333.064    50333.483    50838.747
706  TIM3e+I       25915.615    61  51953.230    51953.611    52435.209
728  TIM3e+I       25915.615    61  51953.230    51953.611    52435.209
750  TIM3+I        25915.590    61  51953.180    51953.560    52435.158
772  TIM3+F+I      25102.553    64  50333.107    50333.525    50838.789
794  TVMe+I        25912.932    62  51949.863    51950.256    52439.743
816  TVMe+I        25912.932    62  51949.863    51950.256    52439.743
838  TVM+I         25912.909    62  51949.818    51950.211    52439.698
860  TVM+F+I       25108.394    65  50346.788    50347.219    50860.371
882  SYM+I         25912.633    63  51951.265    51951.671    52449.046
904  SYM+I         25912.633    63  51951.265    51951.671    52449.046
926  GTR+I         25912.625    63  51951.250    51951.655    52449.031
948  GTR+F+I       25101.333    66  50334.667    50335.112    50856.152
Akaike Information Criterion:           TN+F+I
Corrected Akaike Information Criterion: TN+F+I
Bayesian Information Criterion:         TN+F+I
Best-fit model: TN+F+I chosen according to BIC

All model information printed to D:\360MoveData\Users\Lenovo\Desktop\all.fasta\all.aln.uniqueseq.aln.model.gz
CPU time for ModelFinder: 3.766 seconds (0h:0m:3s)
Wall-clock time for ModelFinder: 4.223 seconds (0h:0m:4s)
Generating 1000 samples for ultrafast bootstrap (seed: 656074)...

NOTE: 0 MB RAM (0 GB) is required!
Estimate model parameters (epsilon = 0.100)
1. Initial log-likelihood: -25102.621
Optimal log-likelihood: -25102.619
Rate parameters:  A-C: 1.00000  A-G: 52.85738  A-T: 1.00000  C-G: 1.00000  C-T: 32.82382  G-T: 1.00000
Base frequencies:  A: 0.309  C: 0.313  G: 0.131  T: 0.247
Proportion of invariable sites: 0.933
Parameters optimization took 1 rounds (0.025 sec)
Wrote distance file to... 
Computing ML distances based on estimated model parameters...
Calculating distance matrix: done in 0.0020035 secs
Computing ML distances took 0.014098 sec (of wall-clock time) 0.015625 sec (of CPU time)
Setting up auxiliary I and S matrices: done in 9.1e-05 secs
Constructing RapidNJ tree: done in 0.0001885 secs
Computing RapidNJ tree took 0.010180 sec (of wall-clock time) 0.000000 sec (of CPU time)
Log-likelihood of RapidNJ tree: -25113.029
--------------------------------------------------------------------
|             INITIALIZING CANDIDATE TREE SET                      |
--------------------------------------------------------------------
Generating 98 parsimony trees... 0.279 second
Computing log-likelihood of 98 initial trees ... 0.222 seconds
Current best score: -25102.619

Do NNI search on 20 best initial trees
Optimizing NNI: done in 0.010549 secs using 148.1% CPU
Estimate model parameters (epsilon = 0.100)
BETTER TREE FOUND at iteration 1: -25102.618
Optimizing NNI: done in 0.0220824 secs using 141.5% CPU
Optimizing NNI: done in 0.0216948 secs using 144% CPU
Optimizing NNI: done in 0.0292978 secs using 106.7% CPU
Optimizing NNI: done in 0.0203202 secs using 76.89% CPU
Optimizing NNI: done in 0.0227003 secs using 68.83% CPU
Optimizing NNI: done in 0.0161876 secs using 96.52% CPU
Optimizing NNI: done in 0.0213352 secs using 146.5% CPU
Optimizing NNI: done in 0.0167813 secs
Optimizing NNI: done in 0.0218487 secs using 143% CPU
Iteration 10 / LogL: -25102.618 / Time: 0h:0m:5s
Optimizing NNI: done in 0.0217221 secs using 143.9% CPU
Optimizing NNI: done in 0.0196987 secs using 158.6% CPU
Optimizing NNI: done in 0.0390146 secs using 120.1% CPU
Optimizing NNI: done in 0.032066 secs using 97.46% CPU
UPDATE BEST LOG-LIKELIHOOD: -25102.618
Optimizing NNI: done in 0.0285475 secs using 109.5% CPU
Optimizing NNI: done in 0.025531 secs
Optimizing NNI: done in 0.0195683 secs
Optimizing NNI: done in 0.0212083 secs using 73.67% CPU
Optimizing NNI: done in 0.0197343 secs using 158.4% CPU
Optimizing NNI: done in 0.0220723 secs
Iteration 20 / LogL: -25102.618 / Time: 0h:0m:5s
Finish initializing candidate tree set (6)
Current best tree score: -25102.618 / CPU time: 1.161
Number of iterations: 20
--------------------------------------------------------------------
|               OPTIMIZING CANDIDATE TREE SET                      |
--------------------------------------------------------------------
Optimizing NNI: done in 0.0414015 secs using 113.2% CPU
Optimizing NNI: done in 0.0220692 secs using 70.8% CPU
Optimizing NNI: done in 0.0303265 secs using 103% CPU
Optimizing NNI: done in 0.0413627 secs using 113.3% CPU
Optimizing NNI: done in 0.0457026 secs using 102.6% CPU
Optimizing NNI: done in 0.0652316 secs using 95.81% CPU
Optimizing NNI: done in 0.022954 secs using 68.07% CPU
Optimizing NNI: done in 0.0588013 secs using 106.3% CPU
Optimizing NNI: done in 0.0328981 secs using 142.5% CPU
Optimizing NNI: done in 0.0347003 secs using 90.06% CPU
Iteration 30 / LogL: -25103.223 / Time: 0h:0m:6s (0h:0m:4s left)
Optimizing NNI: done in 0.0123614 secs
Optimizing NNI: done in 0.0408643 secs using 114.7% CPU
Optimizing NNI: done in 0.0341786 secs using 137.1% CPU
Optimizing NNI: done in 0.0428003 secs using 109.5% CPU
Optimizing NNI: done in 0.0270813 secs using 115.4% CPU
Optimizing NNI: done in 0.0248816 secs using 125.6% CPU
Optimizing NNI: done in 0.0249839 secs using 125.1% CPU
Optimizing NNI: done in 0.0232894 secs using 67.09% CPU
Optimizing NNI: done in 0.0205319 secs using 76.1% CPU
Optimizing NNI: done in 0.021606 secs using 144.6% CPU
Iteration 40 / LogL: -25107.946 / Time: 0h:0m:6s (0h:0m:3s left)
Optimizing NNI: done in 0.0310125 secs using 100.8% CPU
Optimizing NNI: done in 0.0169606 secs using 92.13% CPU
Optimizing NNI: done in 0.0092662 secs
Optimizing NNI: done in 0.0295834 secs using 105.6% CPU
Optimizing NNI: done in 0.0229775 secs using 136% CPU
Optimizing NNI: done in 0.022632 secs using 69.04% CPU
Optimizing NNI: done in 0.0346557 secs using 90.17% CPU
Optimizing NNI: done in 0.0474642 secs using 98.76% CPU
Optimizing NNI: done in 0.0230547 secs using 67.77% CPU
Optimizing NNI: done in 0.0213853 secs using 73.06% CPU
Iteration 50 / LogL: -25102.648 / Time: 0h:0m:7s (0h:0m:2s left)
Log-likelihood cutoff on original alignment: -25137.528
Optimizing NNI: done in 0.0180355 secs
Optimizing NNI: done in 0.0273087 secs using 114.4% CPU
Optimizing NNI: done in 0.0244061 secs using 128% CPU
Optimizing NNI: done in 0.0399948 secs using 117.2% CPU
Optimizing NNI: done in 0.0249053 secs using 62.74% CPU
Optimizing NNI: done in 0.022658 secs using 137.9% CPU
Optimizing NNI: done in 0.0218124 secs using 71.63% CPU
Optimizing NNI: done in 0.0254991 secs using 122.6% CPU
Optimizing NNI: done in 0.0228696 secs using 68.32% CPU
Optimizing NNI: done in 0.0198614 secs using 78.67% CPU
Iteration 60 / LogL: -25103.218 / Time: 0h:0m:7s (0h:0m:2s left)
Optimizing NNI: done in 0.0285354 secs using 109.5% CPU
Optimizing NNI: done in 0.0262162 secs using 119.2% CPU
Optimizing NNI: done in 0.0224284 secs using 69.67% CPU
Optimizing NNI: done in 0.0260185 secs using 120.1% CPU
Optimizing NNI: done in 0.0286461 secs using 54.54% CPU
Optimizing NNI: done in 0.0447599 secs using 104.7% CPU
Optimizing NNI: done in 0.065799 secs using 94.99% CPU
Optimizing NNI: done in 0.0215157 secs using 145.2% CPU
Optimizing NNI: done in 0.0317125 secs using 98.54% CPU
Optimizing NNI: done in 0.0258378 secs using 120.9% CPU
Iteration 70 / LogL: -25102.707 / Time: 0h:0m:8s (0h:0m:1s left)
Optimizing NNI: done in 0.0520543 secs using 120.1% CPU
Optimizing NNI: done in 0.0495811 secs using 94.54% CPU
Optimizing NNI: done in 0.0557445 secs using 112.1% CPU
Optimizing NNI: done in 0.0337992 secs using 92.46% CPU
Optimizing NNI: done in 0.0269861 secs using 57.9% CPU
Optimizing NNI: done in 0.0248911 secs using 62.77% CPU
Optimizing NNI: done in 0.023115 secs using 135.2% CPU
Optimizing NNI: done in 0.0292767 secs using 106.7% CPU
Optimizing NNI: done in 0.0250298 secs using 124.9% CPU
Optimizing NNI: done in 0.0271742 secs using 115% CPU
Iteration 80 / LogL: -25103.243 / Time: 0h:0m:8s (0h:0m:1s left)
Optimizing NNI: done in 0.0417055 secs using 112.4% CPU
Optimizing NNI: done in 0.0482579 secs using 129.5% CPU
Optimizing NNI: done in 0.0352477 secs using 88.66% CPU
Optimizing NNI: done in 0.0233405 secs using 66.94% CPU
Optimizing NNI: done in 0.0220534 secs using 141.7% CPU
Optimizing NNI: done in 0.0361235 secs using 86.51% CPU
Optimizing NNI: done in 0.0278127 secs using 56.18% CPU
Optimizing NNI: done in 0.0313753 secs using 99.6% CPU
Optimizing NNI: done in 0.0311245 secs using 100.4% CPU
Optimizing NNI: done in 0.0497911 secs using 94.14% CPU
Iteration 90 / LogL: -25102.697 / Time: 0h:0m:9s (0h:0m:0s left)
Optimizing NNI: done in 0.0370313 secs using 42.19% CPU
Optimizing NNI: done in 0.0254731 secs using 122.7% CPU
Optimizing NNI: done in 0.0279217 secs using 55.96% CPU
Optimizing NNI: done in 0.0199437 secs using 156.7% CPU
Optimizing NNI: done in 0.0342092 secs using 91.35% CPU
Optimizing NNI: done in 0.0180561 secs using 86.54% CPU
Optimizing NNI: done in 0.0309264 secs using 101% CPU
Optimizing NNI: done in 0.0390167 secs using 120.1% CPU
Optimizing NNI: done in 0.0324246 secs using 96.38% CPU
Optimizing NNI: done in 0.0291124 secs using 53.67% CPU
Iteration 100 / LogL: -25102.692 / Time: 0h:0m:9s (0h:0m:0s left)
Log-likelihood cutoff on original alignment: -25137.528
NOTE: Bootstrap correlation coefficient of split occurrence frequencies: 0.987
NOTE: UFBoot does not converge, continue at least 100 more iterations
Optimizing NNI: done in 0.0347416 secs using 89.95% CPU
Optimizing NNI: done in 0.0241347 secs using 129.5% CPU
Optimizing NNI: done in 0.0468166 secs using 100.1% CPU
Optimizing NNI: done in 0.0321213 secs using 48.64% CPU
Optimizing NNI: done in 0.0215454 secs using 145% CPU
Optimizing NNI: done in 0.0218082 secs using 71.65% CPU
Optimizing NNI: done in 0.0242947 secs using 128.6% CPU
Optimizing NNI: done in 0.0261228 secs using 59.81% CPU
Optimizing NNI: done in 0.0199608 secs using 78.28% CPU
Optimizing NNI: done in 0.0495698 secs using 94.56% CPU
Iteration 110 / LogL: -25102.763 / Time: 0h:0m:10s (0h:0m:4s left)
Optimizing NNI: done in 0.0422728 secs using 73.92% CPU
Optimizing NNI: done in 0.0371598 secs using 84.1% CPU
Optimizing NNI: done in 0.0207519 secs using 150.6% CPU
Optimizing NNI: done in 0.0230135 secs
Optimizing NNI: done in 0.0468764 secs using 100% CPU
Optimizing NNI: done in 0.0390485 secs using 80.03% CPU
Optimizing NNI: done in 0.0197638 secs using 158.1% CPU
Optimizing NNI: done in 0.0201193 secs using 155.3% CPU
Optimizing NNI: done in 0.0244555 secs using 63.89% CPU
Optimizing NNI: done in 0.034426 secs using 136.2% CPU
Iteration 120 / LogL: -25102.679 / Time: 0h:0m:10s (0h:0m:4s left)
Optimizing NNI: done in 0.0291685 secs using 107.1% CPU
Optimizing NNI: done in 0.0273891 secs using 114.1% CPU
Optimizing NNI: done in 0.0317702 secs using 98.36% CPU
Optimizing NNI: done in 0.0302491 secs using 103.3% CPU
Optimizing NNI: done in 0.0434023 secs using 108% CPU
Optimizing NNI: done in 0.0451746 secs using 103.8% CPU
Optimizing NNI: done in 0.0292893 secs using 106.7% CPU
Optimizing NNI: done in 0.0408724 secs using 38.23% CPU
Optimizing NNI: done in 0.0567362 secs using 82.62% CPU
Optimizing NNI: done in 0.0357762 secs using 87.35% CPU
Iteration 130 / LogL: -25102.718 / Time: 0h:0m:11s (0h:0m:3s left)
Optimizing NNI: done in 0.0352976 secs using 88.53% CPU
Optimizing NNI: done in 0.0286642 secs using 109% CPU
Optimizing NNI: done in 0.0289864 secs using 107.8% CPU
Optimizing NNI: done in 0.0250417 secs using 62.4% CPU
Optimizing NNI: done in 0.0370049 secs using 126.7% CPU
Optimizing NNI: done in 0.0456441 secs using 102.7% CPU
Optimizing NNI: done in 0.0260763 secs using 59.92% CPU
Optimizing NNI: done in 0.0431012 secs using 108.8% CPU
Optimizing NNI: done in 0.0493656 secs using 94.95% CPU
Optimizing NNI: done in 0.0173537 secs using 90.04% CPU
Iteration 140 / LogL: -25102.707 / Time: 0h:0m:11s (0h:0m:3s left)
Optimizing NNI: done in 0.0242416 secs using 128.9% CPU
Optimizing NNI: done in 0.0323617 secs using 96.56% CPU
Optimizing NNI: done in 0.0170465 secs using 91.66% CPU
Optimizing NNI: done in 0.0234787 secs using 66.55% CPU
Optimizing NNI: done in 0.0304892 secs using 51.25% CPU
Optimizing NNI: done in 0.0279253 secs using 111.9% CPU
Optimizing NNI: done in 0.0170793 secs using 91.49% CPU
Optimizing NNI: done in 0.0173539 secs using 90.04% CPU
Optimizing NNI: done in 0.0256419 secs using 121.9% CPU
Optimizing NNI: done in 0.0176681 secs
Iteration 150 / LogL: -25102.636 / Time: 0h:0m:12s (0h:0m:2s left)
Log-likelihood cutoff on original alignment: -25137.528
Optimizing NNI: done in 0.0200681 secs using 77.86% CPU
Optimizing NNI: done in 0.0304424 secs using 102.7% CPU
Optimizing NNI: done in 0.0277774 secs using 112.5% CPU
Optimizing NNI: done in 0.0362595 secs using 129.3% CPU
Optimizing NNI: done in 0.0228738 secs using 68.31% CPU
Optimizing NNI: done in 0.0179838 secs
Optimizing NNI: done in 0.0208412 secs using 149.9% CPU
Optimizing NNI: done in 0.0266577 secs using 117.2% CPU
Optimizing NNI: done in 0.0257162 secs using 121.5% CPU
Optimizing NNI: done in 0.0531812 secs using 88.14% CPU
Iteration 160 / LogL: -25102.684 / Time: 0h:0m:12s (0h:0m:2s left)
Optimizing NNI: done in 0.0427916 secs using 73.03% CPU
Optimizing NNI: done in 0.0214773 secs using 145.5% CPU
Optimizing NNI: done in 0.031122 secs using 100.4% CPU
Optimizing NNI: done in 0.0378668 secs using 41.26% CPU
Optimizing NNI: done in 0.0269757 secs using 57.92% CPU
Optimizing NNI: done in 0.0276767 secs using 112.9% CPU
Optimizing NNI: done in 0.0331516 secs using 94.26% CPU
Optimizing NNI: done in 0.0402884 secs using 116.3% CPU
Optimizing NNI: done in 0.0349957 secs using 133.9% CPU
Optimizing NNI: done in 0.0392989 secs using 119.3% CPU
Iteration 170 / LogL: -25102.703 / Time: 0h:0m:13s (0h:0m:1s left)
Optimizing NNI: done in 0.0243289 secs using 64.22% CPU
Optimizing NNI: done in 0.0323258 secs using 96.67% CPU
Optimizing NNI: done in 0.0192983 secs using 161.9% CPU
Optimizing NNI: done in 0.0261791 secs using 119.4% CPU
Optimizing NNI: done in 0.0441141 secs using 106.3% CPU
Optimizing NNI: done in 0.0315715 secs using 98.98% CPU
Optimizing NNI: done in 0.0168564 secs using 92.69% CPU
Optimizing NNI: done in 0.0139812 secs using 111.8% CPU
Optimizing NNI: done in 0.0188727 secs using 165.6% CPU
Optimizing NNI: done in 0.0216016 secs using 72.33% CPU
Iteration 180 / LogL: -25102.758 / Time: 0h:0m:13s (0h:0m:1s left)
Optimizing NNI: done in 0.0196918 secs using 79.35% CPU
Optimizing NNI: done in 0.0270205 secs using 57.83% CPU
Optimizing NNI: done in 0.0174573 secs
Optimizing NNI: done in 0.0345051 secs using 135.8% CPU
Optimizing NNI: done in 0.0236881 secs using 65.96% CPU
Optimizing NNI: done in 0.0245859 secs using 127.1% CPU
Optimizing NNI: done in 0.0333382 secs using 93.74% CPU
Optimizing NNI: done in 0.0155717 secs using 100.3% CPU
Optimizing NNI: done in 0.0143788 secs using 108.7% CPU
Optimizing NNI: done in 0.0131716 secs using 118.6% CPU
Iteration 190 / LogL: -25102.683 / Time: 0h:0m:14s (0h:0m:0s left)
Optimizing NNI: done in 0.0196596 secs using 79.48% CPU
Optimizing NNI: done in 0.0386171 secs using 121.4% CPU
Optimizing NNI: done in 0.0245741 secs using 127.2% CPU
Optimizing NNI: done in 0.0362984 secs using 86.09% CPU
Optimizing NNI: done in 0.0230697 secs using 67.73% CPU
Optimizing NNI: done in 0.0234028 secs using 133.5% CPU
Optimizing NNI: done in 0.026222 secs using 119.2% CPU
Optimizing NNI: done in 0.0305777 secs using 102.2% CPU
Optimizing NNI: done in 0.0254853 secs using 61.31% CPU
Optimizing NNI: done in 0.0265383 secs using 117.8% CPU
Iteration 200 / LogL: -25102.731 / Time: 0h:0m:14s (0h:0m:0s left)
Log-likelihood cutoff on original alignment: -25138.422
NOTE: Bootstrap correlation coefficient of split occurrence frequencies: 0.995
TREE SEARCH COMPLETED AFTER 200 ITERATIONS / Time: 0h:0m:14s

--------------------------------------------------------------------
|                    FINALIZING TREE SEARCH                        |
--------------------------------------------------------------------
Performs final model parameters optimization
Estimate model parameters (epsilon = 0.010)
1. Initial log-likelihood: -25102.618
Optimal log-likelihood: -25102.617
Rate parameters:  A-C: 1.00000  A-G: 52.84399  A-T: 1.00000  C-G: 1.00000  C-T: 32.75600  G-T: 1.00000
Base frequencies:  A: 0.309  C: 0.313  G: 0.131  T: 0.247
Proportion of invariable sites: 0.933
Parameters optimization took 1 rounds (0.025 sec)
BEST SCORE FOUND : -25102.617

Testing tree branches by SH-like aLRT with 1000 replicates...
0.937 sec.
Creating bootstrap support values...
Split supports printed to NEXUS file D:\360MoveData\Users\Lenovo\Desktop\all.fasta\all.aln.uniqueseq.aln.splits.nex
Total tree length: 0.021

Total number of iterations: 200
CPU time used for tree search: 8.984 sec (0h:0m:8s)
Wall-clock time used for tree search: 10.588 sec (0h:0m:10s)
Total CPU time used: 13.891 sec (0h:0m:13s)
Total wall-clock time used: 16.160 sec (0h:0m:16s)

Computing bootstrap consensus tree...
Reading input file D:\360MoveData\Users\Lenovo\Desktop\all.fasta\all.aln.uniqueseq.aln.splits.nex...
30 taxa and 208 splits.
Consensus tree written to D:\360MoveData\Users\Lenovo\Desktop\all.fasta\all.aln.uniqueseq.aln.contree
Reading input trees file D:\360MoveData\Users\Lenovo\Desktop\all.fasta\all.aln.uniqueseq.aln.contree
Log-likelihood of consensus tree: -25102.856

Analysis results written to: 
  IQ-TREE report:                D:\360MoveData\Users\Lenovo\Desktop\all.fasta\all.aln.uniqueseq.aln.iqtree
  Maximum-likelihood tree:       D:\360MoveData\Users\Lenovo\Desktop\all.fasta\all.aln.uniqueseq.aln.treefile
  Likelihood distances:          D:\360MoveData\Users\Lenovo\Desktop\all.fasta\all.aln.uniqueseq.aln.mldist

Ultrafast bootstrap approximation results written to:
  Split support values:          D:\360MoveData\Users\Lenovo\Desktop\all.fasta\all.aln.uniqueseq.aln.splits.nex
  Consensus tree:                D:\360MoveData\Users\Lenovo\Desktop\all.fasta\all.aln.uniqueseq.aln.contree
  Screen log file:               D:\360MoveData\Users\Lenovo\Desktop\all.fasta\all.aln.uniqueseq.aln.log

Date and Time: Thu Aug 21 17:23:54 2025
